# JRE version: OpenJDK Runtime Environment (8.0_242-b01) (build 1.8.0_242-release-1644-b01)
# Java VM: OpenJDK 64-Bit Server VM (25.242-b01 mixed mode windows-amd64 compressed oops)
Heap:
 PSYoungGen      total 560128K, used 214007K [0x00000000d5580000, 0x0000000100000000, 0x0000000100000000)
  eden space 440320K, 40% used [0x00000000d5580000,0x00000000e0212768,0x00000000f0380000)
  from space 119808K, 31% used [0x00000000f0380000,0x00000000f27eb650,0x00000000f7880000)
  to   space 117248K, 0% used [0x00000000f8d80000,0x00000000f8d80000,0x0000000100000000)
 ParOldGen       total 316928K, used 150026K [0x0000000080000000, 0x0000000093580000, 0x00000000d5580000)
  object space 316928K, 47% used [0x0000000080000000,0x0000000089282bb0,0x0000000093580000)
 Metaspace       used 195727K, capacity 204249K, committed 204376K, reserved 1228800K
  class space    used 24285K, capacity 25880K, committed 25984K, reserved 1048576K
GC Heap History (10 events):
Event: 1295.527 GC heap before
{Heap before GC invocations=44 (full 7):
 PSYoungGen      total 556544K, used 64636K [0x00000000d5580000, 0x0000000100000000, 0x0000000100000000)
  eden space 414208K, 0% used [0x00000000d5580000,0x00000000d5580000,0x00000000eea00000)
  from space 142336K, 45% used [0x00000000eea00000,0x00000000f291f350,0x00000000f7500000)
  to   space 135680K, 0% used [0x00000000f7b80000,0x00000000f7b80000,0x0000000100000000)
 ParOldGen       total 379392K, used 326475K [0x0000000080000000, 0x0000000097280000, 0x00000000d5580000)
  object space 379392K, 86% used [0x0000000080000000,0x0000000093ed2ec8,0x0000000097280000)
 Metaspace       used 193886K, capacity 202081K, committed 202328K, reserved 1226752K
  class space    used 24082K, capacity 25654K, committed 25728K, reserved 1048576K
Event: 1300.775 GC heap after
Heap after GC invocations=44 (full 7):
 PSYoungGen      total 556544K, used 0K [0x00000000d5580000, 0x0000000100000000, 0x0000000100000000)
  eden space 414208K, 0% used [0x00000000d5580000,0x00000000d5580000,0x00000000eea00000)
  from space 142336K, 0% used [0x00000000eea00000,0x00000000eea00000,0x00000000f7500000)
  to   space 135680K, 0% used [0x00000000f7b80000,0x00000000f7b80000,0x0000000100000000)
 ParOldGen       total 316928K, used 149766K [0x0000000080000000, 0x0000000093580000, 0x00000000d5580000)
  object space 316928K, 47% used [0x0000000080000000,0x0000000089241b18,0x0000000093580000)
 Metaspace       used 193870K, capacity 202037K, committed 202328K, reserved 1226752K
  class space    used 24076K, capacity 25644K, committed 25728K, reserved 1048576K
}
Event: 1307.982 GC heap before
{Heap before GC invocations=45 (full 7):
 PSYoungGen      total 556544K, used 414208K [0x00000000d5580000, 0x0000000100000000, 0x0000000100000000)
  eden space 414208K, 100% used [0x00000000d5580000,0x00000000eea00000,0x00000000eea00000)
  from space 142336K, 0% used [0x00000000eea00000,0x00000000eea00000,0x00000000f7500000)
  to   space 135680K, 0% used [0x00000000f7b80000,0x00000000f7b80000,0x0000000100000000)
 ParOldGen       total 316928K, used 149766K [0x0000000080000000, 0x0000000093580000, 0x00000000d5580000)
  object space 316928K, 47% used [0x0000000080000000,0x0000000089241b18,0x0000000093580000)
 Metaspace       used 194913K, capacity 203319K, committed 203480K, reserved 1226752K
  class space    used 24202K, capacity 25791K, committed 25856K, reserved 1048576K
Event: 1309.047 GC heap after
Heap after GC invocations=45 (full 7):
 PSYoungGen      total 543744K, used 36362K [0x00000000d5580000, 0x00000000ff380000, 0x0000000100000000)
  eden space 420864K, 0% used [0x00000000d5580000,0x00000000d5580000,0x00000000ef080000)
  from space 122880K, 29% used [0x00000000f7b80000,0x00000000f9f02bc0,0x00000000ff380000)
  to   space 132608K, 0% used [0x00000000ef080000,0x00000000ef080000,0x00000000f7200000)
 ParOldGen       total 316928K, used 149774K [0x0000000080000000, 0x0000000093580000, 0x00000000d5580000)
  object space 316928K, 47% used [0x0000000080000000,0x0000000089243b18,0x0000000093580000)
 Metaspace       used 194913K, capacity 203319K, committed 203480K, reserved 1226752K
  class space    used 24202K, capacity 25791K, committed 25856K, reserved 1048576K
}
Event: 1321.051 GC heap before
{Heap before GC invocations=46 (full 7):
 PSYoungGen      total 543744K, used 457226K [0x00000000d5580000, 0x00000000ff380000, 0x0000000100000000)
  eden space 420864K, 100% used [0x00000000d5580000,0x00000000ef080000,0x00000000ef080000)
  from space 122880K, 29% used [0x00000000f7b80000,0x00000000f9f02bc0,0x00000000ff380000)
  to   space 132608K, 0% used [0x00000000ef080000,0x00000000ef080000,0x00000000f7200000)
 ParOldGen       total 316928K, used 149774K [0x0000000080000000, 0x0000000093580000, 0x00000000d5580000)
  object space 316928K, 47% used [0x0000000080000000,0x0000000089243b18,0x0000000093580000)
 Metaspace       used 195092K, capacity 203515K, committed 203736K, reserved 1226752K
  class space    used 24217K, capacity 25809K, committed 25856K, reserved 1048576K
Event: 1321.174 GC heap after
Heap after GC invocations=46 (full 7):
 PSYoungGen      total 553472K, used 57014K [0x00000000d5580000, 0x00000000ffc80000, 0x0000000100000000)
  eden space 420864K, 0% used [0x00000000d5580000,0x00000000d5580000,0x00000000ef080000)
  from space 132608K, 42% used [0x00000000ef080000,0x00000000f282db28,0x00000000f7200000)
  to   space 125952K, 0% used [0x00000000f8180000,0x00000000f8180000,0x00000000ffc80000)
 ParOldGen       total 316928K, used 149774K [0x0000000080000000, 0x0000000093580000, 0x00000000d5580000)
  object space 316928K, 47% used [0x0000000080000000,0x0000000089243b18,0x0000000093580000)
 Metaspace       used 195092K, capacity 203515K, committed 203736K, reserved 1226752K
  class space    used 24217K, capacity 25809K, committed 25856K, reserved 1048576K
}
Event: 1327.014 GC heap before
{Heap before GC invocations=47 (full 7):
 PSYoungGen      total 553472K, used 477878K [0x00000000d5580000, 0x00000000ffc80000, 0x0000000100000000)
  eden space 420864K, 100% used [0x00000000d5580000,0x00000000ef080000,0x00000000ef080000)
  from space 132608K, 42% used [0x00000000ef080000,0x00000000f282db28,0x00000000f7200000)
  to   space 125952K, 0% used [0x00000000f8180000,0x00000000f8180000,0x00000000ffc80000)
 ParOldGen       total 316928K, used 150009K [0x0000000080000000, 0x0000000093580000, 0x00000000d5580000)
  object space 316928K, 47% used [0x0000000080000000,0x000000008927e4e8,0x0000000093580000)
 Metaspace       used 195350K, capacity 203805K, committed 203992K, reserved 1226752K
  class space    used 24242K, capacity 25828K, committed 25856K, reserved 1048576K
Event: 1327.192 GC heap after
Heap after GC invocations=47 (full 7):
 PSYoungGen      total 550912K, used 54302K [0x00000000d5580000, 0x00000000fed80000, 0x0000000100000000)
  eden space 440320K, 0% used [0x00000000d5580000,0x00000000d5580000,0x00000000f0380000)
  from space 110592K, 49% used [0x00000000f8180000,0x00000000fb687998,0x00000000fed80000)
  to   space 119808K, 0% used [0x00000000f0380000,0x00000000f0380000,0x00000000f7880000)
 ParOldGen       total 316928K, used 150017K [0x0000000080000000, 0x0000000093580000, 0x00000000d5580000)
  object space 316928K, 47% used [0x0000000080000000,0x00000000892804e8,0x0000000093580000)
 Metaspace       used 195350K, capacity 203805K, committed 203992K, reserved 1226752K
  class space    used 24242K, capacity 25828K, committed 25856K, reserved 1048576K
}
Event: 1337.892 GC heap before
{Heap before GC invocations=48 (full 7):
 PSYoungGen      total 550912K, used 494622K [0x00000000d5580000, 0x00000000fed80000, 0x0000000100000000)
  eden space 440320K, 100% used [0x00000000d5580000,0x00000000f0380000,0x00000000f0380000)
  from space 110592K, 49% used [0x00000000f8180000,0x00000000fb687998,0x00000000fed80000)
  to   space 119808K, 0% used [0x00000000f0380000,0x00000000f0380000,0x00000000f7880000)
 ParOldGen       total 316928K, used 150018K [0x0000000080000000, 0x0000000093580000, 0x00000000d5580000)
  object space 316928K, 47% used [0x0000000080000000,0x0000000089280bb0,0x0000000093580000)
 Metaspace       used 195639K, capacity 204149K, committed 204376K, reserved 1228800K
  class space    used 24275K, capacity 25872K, committed 25984K, reserved 1048576K
Event: 1337.978 GC heap after
Heap after GC invocations=48 (full 7):
 PSYoungGen      total 560128K, used 37293K [0x00000000d5580000, 0x0000000100000000, 0x0000000100000000)
  eden space 440320K, 0% used [0x00000000d5580000,0x00000000d5580000,0x00000000f0380000)
  from space 119808K, 31% used [0x00000000f0380000,0x00000000f27eb650,0x00000000f7880000)
  to   space 117248K, 0% used [0x00000000f8d80000,0x00000000f8d80000,0x0000000100000000)
 ParOldGen       total 316928K, used 150026K [0x0000000080000000, 0x0000000093580000, 0x00000000d5580000)
  object space 316928K, 47% used [0x0000000080000000,0x0000000089282bb0,0x0000000093580000)
 Metaspace       used 195639K, capacity 204149K, committed 204376K, reserved 1228800K
  class space    used 24275K, capacity 25872K, committed 25984K, reserved 1048576K
}

